<?xml version="1.0" encoding="UTF-8"?>
<!-- Generated by org.testng.reporters.JUnitXMLReporter -->
<testsuite hostname="BDC3-LX-6440BKD" ignored="0" name="Test 2" tests="2" failures="0" timestamp="07 Aug 2018 05:04:39 GMT" time="0.5" errors="0">
  <testcase name="@BeforeTest beforeMethod" time="0.438" classname="Test2.Day4test1">
    <failure type="org.openqa.selenium.WebDriverException" message="Cannot find firefox binary in PATH. Make sure firefox is installed. OS appears to be: WIN10
Build info: version: &amp;apos;3.13.0&amp;apos;, revision: &amp;apos;2f0d292&amp;apos;, time: &amp;apos;2018-06-25T15:24:21.231Z&amp;apos;
System info: host: &amp;apos;BDC3-LX-6440BKD&amp;apos;, ip: &amp;apos;10.120.172.170&amp;apos;, os.name: &amp;apos;Windows 10&amp;apos;, os.arch: &amp;apos;amd64&amp;apos;, os.version: &amp;apos;10.0&amp;apos;, java.version: &amp;apos;1.8.0_102&amp;apos;
Driver info: driver.version: FirefoxDriver">
      <![CDATA[org.openqa.selenium.WebDriverException: Cannot find firefox binary in PATH. Make sure firefox is installed. OS appears to be: WIN10
Build info: version: '3.13.0', revision: '2f0d292', time: '2018-06-25T15:24:21.231Z'
System info: host: 'BDC3-LX-6440BKD', ip: '10.120.172.170', os.name: 'Windows 10', os.arch: 'amd64', os.version: '10.0', java.version: '1.8.0_102'
Driver info: driver.version: FirefoxDriver
at org.openqa.selenium.firefox.FirefoxBinary.<init>(FirefoxBinary.java:116)
at java.util.Optional.orElseGet(Unknown Source)
at org.openqa.selenium.firefox.FirefoxOptions.getBinary(FirefoxOptions.java:217)
at org.openqa.selenium.firefox.FirefoxDriver.toExecutor(FirefoxDriver.java:165)
at org.openqa.selenium.firefox.FirefoxDriver.<init>(FirefoxDriver.java:125)
at org.openqa.selenium.firefox.FirefoxDriver.<init>(FirefoxDriver.java:103)
at Test2.Driverutility.getDriver(Driverutility.java:21)
at Test2.Day4test1.beforeMethod(Day4test1.java:21)
... Removed 24 stack frames]]>
    </failure>
  </testcase> <!-- @BeforeTest beforeMethod -->
  <testcase name="@AfterTest aftermethod" time="0.0" classname="Test2.Day4test1">
    <skipped/>
  </testcase> <!-- @AfterTest aftermethod -->
  <testcase name="TestnewTour" time="0.0" classname="Test2.Day4test1">
    <skipped/>
  </testcase> <!-- TestnewTour -->
  <testcase name="TestnewTour" time="0.0" classname="Test2.Day4test1">
    <skipped/>
  </testcase> <!-- TestnewTour -->
</testsuite> <!-- Test 2 -->
